[debug] [2026-04-08T17:20:03.929Z] ----------------------------------------------------------------------
[debug] [2026-04-08T17:20:03.931Z] Command:       C:\Program Files\nodejs\node.exe C:\Users\djkov\AppData\Roaming\npm\node_modules\firebase-tools\lib\bin\firebase.js deploy
[debug] [2026-04-08T17:20:03.931Z] CLI Version:   15.13.0
[debug] [2026-04-08T17:20:03.932Z] Platform:      win32
[debug] [2026-04-08T17:20:03.932Z] Node Version:  v25.2.1
[debug] [2026-04-08T17:20:03.932Z] Time:          Wed Apr 08 2026 11:20:03 GMT-0600 (hora estándar central)
[debug] [2026-04-08T17:20:03.932Z] ----------------------------------------------------------------------
[debug] 
[debug] [2026-04-08T17:20:05.150Z] > command requires scopes: ["email","openid","https://www.googleapis.com/auth/cloudplatformprojects.readonly","https://www.googleapis.com/auth/firebase","https://www.googleapis.com/auth/cloud-platform"]
[debug] [2026-04-08T17:20:05.150Z] > authorizing via signed-in user (publicityvisualofficial@gmail.com)
[debug] [2026-04-08T17:20:05.150Z] [iam] checking project hubbax-711a1 for permissions ["firebase.projects.get","firebasehosting.sites.update"]
[debug] [2026-04-08T17:20:05.151Z] Checked if tokens are valid: true, expires at: 1775670602032
[debug] [2026-04-08T17:20:05.151Z] Checked if tokens are valid: true, expires at: 1775670602032
[debug] [2026-04-08T17:20:05.151Z] >>> [apiv2][query] POST https://cloudresourcemanager.googleapis.com/v1/projects/hubbax-711a1:testIamPermissions [none]
[debug] [2026-04-08T17:20:05.151Z] >>> [apiv2][(partial)header] POST https://cloudresourcemanager.googleapis.com/v1/projects/hubbax-711a1:testIamPermissions  x-goog-user-project=hubbax-711a1
[debug] [2026-04-08T17:20:05.151Z] >>> [apiv2][body] POST https://cloudresourcemanager.googleapis.com/v1/projects/hubbax-711a1:testIamPermissions {"permissions":["firebase.projects.get","firebasehosting.sites.update"]}
[debug] [2026-04-08T17:20:05.471Z] <<< [apiv2][status] POST https://cloudresourcemanager.googleapis.com/v1/projects/hubbax-711a1:testIamPermissions 200
[debug] [2026-04-08T17:20:05.471Z] <<< [apiv2][body] POST https://cloudresourcemanager.googleapis.com/v1/projects/hubbax-711a1:testIamPermissions {"permissions":["firebase.projects.get","firebasehosting.sites.update"]}
[debug] [2026-04-08T17:20:05.471Z] Checked if tokens are valid: true, expires at: 1775670602032
[debug] [2026-04-08T17:20:05.471Z] Checked if tokens are valid: true, expires at: 1775670602032
[debug] [2026-04-08T17:20:05.472Z] >>> [apiv2][query] GET https://firebase.googleapis.com/v1beta1/projects/hubbax-711a1 [none]
[debug] [2026-04-08T17:20:05.674Z] <<< [apiv2][status] GET https://firebase.googleapis.com/v1beta1/projects/hubbax-711a1 200
[debug] [2026-04-08T17:20:05.674Z] <<< [apiv2][body] GET https://firebase.googleapis.com/v1beta1/projects/hubbax-711a1 {"projectId":"hubbax-711a1","projectNumber":"911317119851","displayName":"HubbaX","name":"projects/hubbax-711a1","resources":{"hostingSite":"hubbax-711a1"},"state":"ACTIVE","etag":"1_32077ee5-5b97-450a-8711-cd956b59c567"}
[debug] [2026-04-08T17:20:07.438Z] Checked if tokens are valid: true, expires at: 1775670602032
[debug] [2026-04-08T17:20:07.438Z] Checked if tokens are valid: true, expires at: 1775670602032
[debug] [2026-04-08T17:20:07.438Z] >>> [apiv2][query] GET https://firebasehosting.googleapis.com/v1beta1/projects/hubbax-711a1/sites pageToken=&pageSize=10
[debug] [2026-04-08T17:20:08.070Z] <<< [apiv2][status] GET https://firebasehosting.googleapis.com/v1beta1/projects/hubbax-711a1/sites 200
[debug] [2026-04-08T17:20:08.070Z] <<< [apiv2][body] GET https://firebasehosting.googleapis.com/v1beta1/projects/hubbax-711a1/sites {"sites":[{"name":"projects/hubbax-711a1/sites/hubbax-711a1","defaultUrl":"https://hubbax-711a1.web.app","appId":"1:911317119851:web:67d7f581872c6f886e122e","type":"DEFAULT_SITE"}]}
[debug] [2026-04-08T17:20:08.070Z] Checked if tokens are valid: true, expires at: 1775670602032
[debug] [2026-04-08T17:20:08.070Z] Checked if tokens are valid: true, expires at: 1775670602032
[debug] [2026-04-08T17:20:08.070Z] >>> [apiv2][query] GET https://firebase.googleapis.com/v1beta1/projects/-/webApps/1:911317119851:web:67d7f581872c6f886e122e/config [none]
[debug] [2026-04-08T17:20:08.343Z] <<< [apiv2][status] GET https://firebase.googleapis.com/v1beta1/projects/-/webApps/1:911317119851:web:67d7f581872c6f886e122e/config 200
[debug] [2026-04-08T17:20:08.343Z] <<< [apiv2][body] GET https://firebase.googleapis.com/v1beta1/projects/-/webApps/1:911317119851:web:67d7f581872c6f886e122e/config {"projectId":"hubbax-711a1","appId":"1:911317119851:web:67d7f581872c6f886e122e","storageBucket":"hubbax-711a1.firebasestorage.app","apiKey":"AIzaSyBGXQF3k09v8lJa2udwRD-rXtdaa03X05g","authDomain":"hubbax-711a1.firebaseapp.com","messagingSenderId":"911317119851","measurementId":"G-QGLCQLFS4Z","projectNumber":"911317119851","version":"2"}
[info] 
   Thank you for trying our early preview of Next.js support on Firebase Hosting.
   During the preview, support is best-effort and breaking changes can be expected. Proceed with caution.
   The integration is known to work with Next.js version 12 - 15.0. You may encounter errors.

   Documentation: https://firebase.google.com/docs/hosting/frameworks/nextjs
   File a bug: https://github.com/firebase/firebase-tools/issues/new?template=bug_report.md
   Submit a feature request: https://github.com/firebase/firebase-tools/issues/new?template=feature_request.md

   We'd love to learn from you. Express your interest in helping us shape the future of Firebase Hosting: https://goo.gle/41enW5X

[debug] [2026-04-08T17:20:12.355Z] Checked if tokens are valid: true, expires at: 1775670602032
[debug] [2026-04-08T17:20:12.355Z] Checked if tokens are valid: true, expires at: 1775670602032
[debug] [2026-04-08T17:20:12.355Z] >>> [apiv2][query] GET https://firebasehosting.googleapis.com/v1beta1/projects/hubbax-711a1/sites/hubbax-711a1 [none]
[debug] [2026-04-08T17:20:12.702Z] <<< [apiv2][status] GET https://firebasehosting.googleapis.com/v1beta1/projects/hubbax-711a1/sites/hubbax-711a1 200
[debug] [2026-04-08T17:20:12.702Z] <<< [apiv2][body] GET https://firebasehosting.googleapis.com/v1beta1/projects/hubbax-711a1/sites/hubbax-711a1 {"name":"projects/hubbax-711a1/sites/hubbax-711a1","defaultUrl":"https://hubbax-711a1.web.app","appId":"1:911317119851:web:67d7f581872c6f886e122e","type":"DEFAULT_SITE"}
[info] ▲ Next.js 16.2.2 (Turbopack)

[info] 

[info]   Creating an optimized production build ...

[info] 

[info] > Build error occurred

[info] Error: Turbopack build failed with 1 errors:
./src/app/page.tsx:56:19
Expected '</', got ']'
  54 |             <span className="text-5xl font-black tracking-tighter text-black uppercase ita...
  55 |               Hubbax <span className="text-red-600">Inc</span>
> 56 |             </span]
     |                   ^
  57 |           </motion.div>
  58 |
  59 |           <motion.div

Parsing ecmascript source code failed


    at <unknown> (./src/app/page.tsx:56:19)

[debug] [2026-04-08T17:20:18.074Z] Error: ENOENT: no such file or directory, open 'C:\Users\djkov\hubbax\.next\server\middleware-manifest.json'
[error] 
[error] Error: An unexpected error has occurred.
